[2024-10-08T07:39:33.543106+00:00] main.INFO: {"feed":"undefined","operation":"undefined","status":"Setting mode Update On Schedule for indexer Sales Order Feed","elapsed":"838 ms","pid":"7","caller":"bin\/magento setup:install --admin-firstname=Scandiweb --admin-lastname=Developer --admin-email=developer@scandipwa.com --admin-user=admin"} [] []
[2024-10-08T07:39:33.684838+00:00] main.INFO: {"feed":"undefined","operation":"undefined","status":"Setting mode Update On Schedule for indexer Sales Order Statuses Feed","elapsed":"980 ms","pid":"7","caller":"bin\/magento setup:install --admin-firstname=Scandiweb --admin-lastname=Developer --admin-email=developer@scandipwa.com --admin-user=admin"} [] []
[2024-10-08T07:39:33.752707+00:00] main.INFO: {"feed":"undefined","operation":"undefined","status":"Setting mode Update On Schedule for indexer Stores Feed","elapsed":"00:00:00 48 ms","pid":"7","caller":"bin\/magento setup:install --admin-firstname=Scandiweb --admin-lastname=Developer --admin-email=developer@scandipwa.com --admin-user=admin"} [] []
[2024-10-09T07:33:18.431266+00:00] main.ERROR: {"feed":"undefined","operation":"undefined","status":"Data Exporter exception has occurred: Missing required argument $data of Magento\\CatalogSearch\\Model\\Indexer\\Fulltext.","elapsed":"615 ms","pid":"231","caller":"app"} {"exception":"[object] (BadMethodCallException(code: 0): Missing required argument $data of Magento\\CatalogSearch\\Model\\Indexer\\Fulltext. at /home/ahmed/projects/my-app/vendor/magento/framework/ObjectManager/Factory/AbstractFactory.php:264)"} []
[2024-10-09T07:33:18.431745+00:00] main.ERROR: {"feed":"undefined","operation":"undefined","status":"Data Exporter exception has occurred: Missing required argument $data of Magento\\CatalogSearch\\Model\\Indexer\\Fulltext.","elapsed":"616 ms","pid":"231","caller":"app"} {"exception":"[object] (BadMethodCallException(code: 0): Missing required argument $data of Magento\\CatalogSearch\\Model\\Indexer\\Fulltext. at /home/ahmed/projects/my-app/vendor/magento/framework/ObjectManager/Factory/AbstractFactory.php:264)"} []
[2024-10-09T07:33:18.648188+00:00] main.NOTICE: {"feed":"undefined","operation":"undefined","status":"Update on Save (realtime) is not allowed for this indexer: Sales Order Feed","elapsed":"832 ms","pid":"231","caller":"app"} [] []
[2024-10-09T07:33:18.648851+00:00] main.NOTICE: {"feed":"undefined","operation":"undefined","status":"Update on Save (realtime) is not allowed for this indexer: Sales Order Statuses Feed","elapsed":"833 ms","pid":"231","caller":"app"} [] []
[2024-10-09T07:33:18.649249+00:00] main.NOTICE: {"feed":"undefined","operation":"undefined","status":"Update on Save (realtime) is not allowed for this indexer: Stores Feed","elapsed":"833 ms","pid":"231","caller":"app"} [] []
[2024-10-09T07:33:55.043150+00:00] main.INFO: {"feed":"salesOrders","operation":"full reindex(legacy)","status":"Initialize","elapsed":"00:00:00 839 ms","pid":"254","caller":"bin\/magento index:reindex"} [] []
[2024-10-09T07:33:55.071862+00:00] main.INFO: {"feed":"salesOrders","operation":"full reindex(legacy)","status":"Creating batch table `sales_data_exporter_orders_index_batches`. Start position: 0","elapsed":"00:00:00 868 ms","pid":"254","caller":"bin\/magento index:reindex"} [] []
[2024-10-09T07:33:55.097048+00:00] main.INFO: {"feed":"salesOrders","operation":"full reindex(legacy)","status":"Batch table `sales_data_exporter_orders_index_batches` created. Total Items: 0, batches: ~0","elapsed":"00:00:00 893 ms","pid":"254","caller":"bin\/magento index:reindex"} [] []
[2024-10-09T07:33:55.097139+00:00] main.INFO: {"feed":"salesOrders","operation":"full reindex(legacy)","status":"nothing to process - no items to sync. Not expected? Are there any items in source table `sales_order`?","elapsed":"00:00:00 893 ms","pid":"254","caller":"bin\/magento index:reindex"} [] []
[2024-10-09T07:33:55.098639+00:00] main.INFO: {"feed":"salesOrders","operation":"full reindex(legacy)","status":"Complete","elapsed":"00:00:00 895 ms","pid":"254","caller":"bin\/magento index:reindex"} [] []
[2024-10-09T07:33:55.109571+00:00] main.INFO: {"feed":"salesOrderStatuses","operation":"full reindex(legacy)","status":"Initialize","elapsed":"00:00:00 972 ms","pid":"254","caller":"bin\/magento index:reindex"} [] []
[2024-10-09T07:33:55.137858+00:00] main.INFO: {"feed":"salesOrderStatuses","operation":"full reindex(legacy)","status":"Creating batch table `sales_data_exporter_order_statuses_index_batches`. Start position: ","elapsed":"00:00:01 0 ms","pid":"254","caller":"bin\/magento index:reindex"} [] []
[2024-10-09T07:33:55.157330+00:00] main.INFO: {"feed":"salesOrderStatuses","operation":"full reindex(legacy)","status":"Batch table `sales_data_exporter_order_statuses_index_batches` created. Total Items: 12, batches: ~0","elapsed":"00:00:01 20 ms","pid":"254","caller":"bin\/magento index:reindex"} [] []
[2024-10-09T07:33:55.157424+00:00] main.INFO: {"feed":"salesOrderStatuses","operation":"full reindex(legacy)","status":"start processing `12` items in `1` threads with `100` batch size","elapsed":"00:00:01 20 ms","pid":"254","caller":"bin\/magento index:reindex"} [] []
[2024-10-09T07:33:55.173297+00:00] main.INFO: {"feed":"salesOrderStatuses","operation":"full reindex(legacy)","status":"Progress 1\/1, processed 12, synced 12","elapsed":"00:00:01 36 ms","pid":"254","caller":"bin\/magento index:reindex"} [] []
[2024-10-09T07:33:55.177613+00:00] main.INFO: {"feed":"salesOrderStatuses","operation":"full reindex(legacy)","status":"Complete","elapsed":"00:00:01 40 ms","pid":"254","caller":"bin\/magento index:reindex"} [] []
[2024-10-09T07:33:55.187776+00:00] main.INFO: {"feed":"stores","operation":"full reindex(legacy)","status":"Initialize","elapsed":"128 ms","pid":"254","caller":"bin\/magento index:reindex"} [] []
[2024-10-09T07:33:55.220503+00:00] main.INFO: {"feed":"stores","operation":"full reindex(legacy)","status":"Creating batch table `stores_data_exporter_index_batches`. Start position: 0","elapsed":"161 ms","pid":"254","caller":"bin\/magento index:reindex"} [] []
[2024-10-09T07:33:55.242130+00:00] main.INFO: {"feed":"stores","operation":"full reindex(legacy)","status":"Batch table `stores_data_exporter_index_batches` created. Total Items: 1, batches: ~0","elapsed":"183 ms","pid":"254","caller":"bin\/magento index:reindex"} [] []
[2024-10-09T07:33:55.242290+00:00] main.INFO: {"feed":"stores","operation":"full reindex(legacy)","status":"start processing `1` items in `1` threads with `100` batch size","elapsed":"183 ms","pid":"254","caller":"bin\/magento index:reindex"} [] []
[2024-10-09T07:33:55.248061+00:00] main.INFO: {"feed":"stores","operation":"full reindex(legacy)","status":"Progress 1\/1, processed 1, synced 1","elapsed":"189 ms","pid":"254","caller":"bin\/magento index:reindex"} [] []
[2024-10-09T07:33:55.249803+00:00] main.INFO: {"feed":"stores","operation":"full reindex(legacy)","status":"Complete","elapsed":"190 ms","pid":"254","caller":"bin\/magento index:reindex"} [] []
[2024-10-09T09:03:20.543100+00:00] main.INFO: {"feed":"salesOrders","operation":"full reindex(legacy)","status":"Initialize","elapsed":"848 ms","pid":"316","caller":"bin\/magento indexer:reindex"} [] []
[2024-10-09T09:03:20.574117+00:00] main.INFO: {"feed":"salesOrders","operation":"full reindex(legacy)","status":"Creating batch table `sales_data_exporter_orders_index_batches`. Start position: 0","elapsed":"879 ms","pid":"316","caller":"bin\/magento indexer:reindex"} [] []
[2024-10-09T09:03:20.593465+00:00] main.INFO: {"feed":"salesOrders","operation":"full reindex(legacy)","status":"Batch table `sales_data_exporter_orders_index_batches` created. Total Items: 0, batches: ~0","elapsed":"898 ms","pid":"316","caller":"bin\/magento indexer:reindex"} [] []
[2024-10-09T09:03:20.593550+00:00] main.INFO: {"feed":"salesOrders","operation":"full reindex(legacy)","status":"nothing to process - no items to sync. Not expected? Are there any items in source table `sales_order`?","elapsed":"898 ms","pid":"316","caller":"bin\/magento indexer:reindex"} [] []
[2024-10-09T09:03:20.594463+00:00] main.INFO: {"feed":"salesOrders","operation":"full reindex(legacy)","status":"Complete","elapsed":"899 ms","pid":"316","caller":"bin\/magento indexer:reindex"} [] []
[2024-10-09T09:03:20.602021+00:00] main.INFO: {"feed":"salesOrderStatuses","operation":"full reindex(legacy)","status":"Initialize","elapsed":"966 ms","pid":"316","caller":"bin\/magento indexer:reindex"} [] []
[2024-10-09T09:03:20.632442+00:00] main.INFO: {"feed":"salesOrderStatuses","operation":"full reindex(legacy)","status":"Creating batch table `sales_data_exporter_order_statuses_index_batches`. Start position: ","elapsed":"996 ms","pid":"316","caller":"bin\/magento indexer:reindex"} [] []
[2024-10-09T09:03:20.654384+00:00] main.INFO: {"feed":"salesOrderStatuses","operation":"full reindex(legacy)","status":"Batch table `sales_data_exporter_order_statuses_index_batches` created. Total Items: 12, batches: ~0","elapsed":"00:00:00 18 ms","pid":"316","caller":"bin\/magento indexer:reindex"} [] []
[2024-10-09T09:03:20.654488+00:00] main.INFO: {"feed":"salesOrderStatuses","operation":"full reindex(legacy)","status":"start processing `12` items in `1` threads with `100` batch size","elapsed":"00:00:00 18 ms","pid":"316","caller":"bin\/magento indexer:reindex"} [] []
[2024-10-09T09:03:20.667802+00:00] main.INFO: {"feed":"salesOrderStatuses","operation":"full reindex(legacy)","status":"Progress 1\/1, processed 12, synced 12","elapsed":"00:00:00 31 ms","pid":"316","caller":"bin\/magento indexer:reindex"} [] []
[2024-10-09T09:03:20.673996+00:00] main.INFO: {"feed":"salesOrderStatuses","operation":"full reindex(legacy)","status":"Complete","elapsed":"00:00:00 38 ms","pid":"316","caller":"bin\/magento indexer:reindex"} [] []
[2024-10-09T09:03:20.681753+00:00] main.INFO: {"feed":"stores","operation":"full reindex(legacy)","status":"Initialize","elapsed":"00:00:00 125 ms","pid":"316","caller":"bin\/magento indexer:reindex"} [] []
[2024-10-09T09:03:20.710140+00:00] main.INFO: {"feed":"stores","operation":"full reindex(legacy)","status":"Creating batch table `stores_data_exporter_index_batches`. Start position: 0","elapsed":"00:00:00 154 ms","pid":"316","caller":"bin\/magento indexer:reindex"} [] []
[2024-10-09T09:03:20.730914+00:00] main.INFO: {"feed":"stores","operation":"full reindex(legacy)","status":"Batch table `stores_data_exporter_index_batches` created. Total Items: 1, batches: ~0","elapsed":"00:00:00 174 ms","pid":"316","caller":"bin\/magento indexer:reindex"} [] []
[2024-10-09T09:03:20.731019+00:00] main.INFO: {"feed":"stores","operation":"full reindex(legacy)","status":"start processing `1` items in `1` threads with `100` batch size","elapsed":"00:00:00 174 ms","pid":"316","caller":"bin\/magento indexer:reindex"} [] []
[2024-10-09T09:03:20.735453+00:00] main.INFO: {"feed":"stores","operation":"full reindex(legacy)","status":"Progress 1\/1, processed 1, synced 1","elapsed":"00:00:00 179 ms","pid":"316","caller":"bin\/magento indexer:reindex"} [] []
[2024-10-09T09:03:20.736728+00:00] main.INFO: {"feed":"stores","operation":"full reindex(legacy)","status":"Complete","elapsed":"00:00:00 180 ms","pid":"316","caller":"bin\/magento indexer:reindex"} [] []
[2024-10-09T09:08:04.247359+00:00] main.INFO: {"feed":"salesOrders","operation":"full reindex(legacy)","status":"Initialize","elapsed":"256 ms","pid":"330","caller":"bin\/magento indexer:reindex"} [] []
[2024-10-09T09:08:04.274549+00:00] main.INFO: {"feed":"salesOrders","operation":"full reindex(legacy)","status":"Creating batch table `sales_data_exporter_orders_index_batches`. Start position: 0","elapsed":"284 ms","pid":"330","caller":"bin\/magento indexer:reindex"} [] []
[2024-10-09T09:08:04.292915+00:00] main.INFO: {"feed":"salesOrders","operation":"full reindex(legacy)","status":"Batch table `sales_data_exporter_orders_index_batches` created. Total Items: 0, batches: ~0","elapsed":"302 ms","pid":"330","caller":"bin\/magento indexer:reindex"} [] []
[2024-10-09T09:08:04.293003+00:00] main.INFO: {"feed":"salesOrders","operation":"full reindex(legacy)","status":"nothing to process - no items to sync. Not expected? Are there any items in source table `sales_order`?","elapsed":"302 ms","pid":"330","caller":"bin\/magento indexer:reindex"} [] []
[2024-10-09T09:08:04.293827+00:00] main.INFO: {"feed":"salesOrders","operation":"full reindex(legacy)","status":"Complete","elapsed":"303 ms","pid":"330","caller":"bin\/magento indexer:reindex"} [] []
[2024-10-09T09:08:04.300844+00:00] main.INFO: {"feed":"salesOrderStatuses","operation":"full reindex(legacy)","status":"Initialize","elapsed":"363 ms","pid":"330","caller":"bin\/magento indexer:reindex"} [] []
[2024-10-09T09:08:04.329063+00:00] main.INFO: {"feed":"salesOrderStatuses","operation":"full reindex(legacy)","status":"Creating batch table `sales_data_exporter_order_statuses_index_batches`. Start position: ","elapsed":"392 ms","pid":"330","caller":"bin\/magento indexer:reindex"} [] []
[2024-10-09T09:08:04.350455+00:00] main.INFO: {"feed":"salesOrderStatuses","operation":"full reindex(legacy)","status":"Batch table `sales_data_exporter_order_statuses_index_batches` created. Total Items: 12, batches: ~0","elapsed":"413 ms","pid":"330","caller":"bin\/magento indexer:reindex"} [] []
[2024-10-09T09:08:04.350541+00:00] main.INFO: {"feed":"salesOrderStatuses","operation":"full reindex(legacy)","status":"start processing `12` items in `1` threads with `100` batch size","elapsed":"413 ms","pid":"330","caller":"bin\/magento indexer:reindex"} [] []
[2024-10-09T09:08:04.356072+00:00] main.INFO: {"feed":"salesOrderStatuses","operation":"full reindex(legacy)","status":"Progress 1\/1, processed 12, synced 12","elapsed":"419 ms","pid":"330","caller":"bin\/magento indexer:reindex"} [] []
[2024-10-09T09:08:04.360685+00:00] main.INFO: {"feed":"salesOrderStatuses","operation":"full reindex(legacy)","status":"Complete","elapsed":"423 ms","pid":"330","caller":"bin\/magento indexer:reindex"} [] []
[2024-10-09T09:08:04.370179+00:00] main.INFO: {"feed":"stores","operation":"full reindex(legacy)","status":"Initialize","elapsed":"502 ms","pid":"330","caller":"bin\/magento indexer:reindex"} [] []
[2024-10-09T09:08:04.397616+00:00] main.INFO: {"feed":"stores","operation":"full reindex(legacy)","status":"Creating batch table `stores_data_exporter_index_batches`. Start position: 0","elapsed":"529 ms","pid":"330","caller":"bin\/magento indexer:reindex"} [] []
[2024-10-09T09:08:04.418431+00:00] main.INFO: {"feed":"stores","operation":"full reindex(legacy)","status":"Batch table `stores_data_exporter_index_batches` created. Total Items: 1, batches: ~0","elapsed":"550 ms","pid":"330","caller":"bin\/magento indexer:reindex"} [] []
[2024-10-09T09:08:04.418578+00:00] main.INFO: {"feed":"stores","operation":"full reindex(legacy)","status":"start processing `1` items in `1` threads with `100` batch size","elapsed":"550 ms","pid":"330","caller":"bin\/magento indexer:reindex"} [] []
[2024-10-09T09:08:04.421516+00:00] main.INFO: {"feed":"stores","operation":"full reindex(legacy)","status":"Progress 1\/1, processed 1, synced 1","elapsed":"553 ms","pid":"330","caller":"bin\/magento indexer:reindex"} [] []
[2024-10-09T09:08:04.422931+00:00] main.INFO: {"feed":"stores","operation":"full reindex(legacy)","status":"Complete","elapsed":"555 ms","pid":"330","caller":"bin\/magento indexer:reindex"} [] []
